2016-06-17 18:27:06,918 [2516] INFO  MycaigouScheduler.Service.MycaigouService - 调度服务初始化...
2016-06-17 18:27:07,070 [2516] INFO  Quartz.Impl.StdSchedulerFactory - Using default implementation for object serializer
2016-06-17 18:27:07,150 [2516] INFO  Quartz.Impl.StdSchedulerFactory - Using default implementation for ThreadExecutor
2016-06-17 18:27:07,212 [2516] INFO  Quartz.Core.SchedulerSignalerImpl - Initialized Scheduler Signaller of type: Quartz.Core.SchedulerSignalerImpl
2016-06-17 18:27:07,213 [2516] INFO  Quartz.Core.QuartzScheduler - Quartz Scheduler v.2.2.400.0 created.
2016-06-17 18:27:07,293 [2516] INFO  Quartz.Plugin.Xml.XMLSchedulingDataProcessorPlugin - Registering Quartz Job Initialization Plug-in.
2016-06-17 18:27:07,305 [2516] INFO  Quartz.Simpl.RAMJobStore - RAMJobStore initialized.
2016-06-17 18:27:07,322 [2516] INFO  Quartz.Core.QuartzScheduler - Scheduler meta-data: Quartz Scheduler (v2.2.400.0) 'QuartzScheduler' with instanceId 'NON_CLUSTERED'
  Scheduler class: 'Quartz.Core.QuartzScheduler' - running locally.
  NOT STARTED.
  Currently in standby mode.
  Number of jobs executed: 0
  Using thread pool 'Quartz.Simpl.SimpleThreadPool' - with 10 threads.
  Using job-store 'Quartz.Simpl.RAMJobStore' - which does not support persistence. and is not clustered.

2016-06-17 18:27:07,323 [2516] INFO  Quartz.Impl.StdSchedulerFactory - Quartz scheduler 'QuartzScheduler' initialized
2016-06-17 18:27:07,324 [2516] INFO  Quartz.Impl.StdSchedulerFactory - Quartz scheduler version: 2.2.400.0
2016-06-17 18:27:07,326 [2516] INFO  MycaigouScheduler.Service.MycaigouService - 调度服务初始化完成。
2016-06-17 18:27:07,326 [2516] INFO  MycaigouScheduler.Service.MycaigouService - 开始调度任务...
2016-06-17 18:27:07,564 [2516] INFO  Quartz.Xml.XMLSchedulingDataProcessor - Parsing XML file: E:\云采购2.0.0\源代码\Branch\中台深圳运营\云采购调度服务\MycaigouScheduler\MycaigouScheduler.Service\bin\Debug\Jobs.xml with systemId: E:\云采购2.0.0\源代码\Branch\中台深圳运营\云采购调度服务\MycaigouScheduler\MycaigouScheduler.Service\bin\Debug\Jobs.xml
2016-06-17 18:27:08,313 [2516] INFO  Quartz.Xml.XMLSchedulingDataProcessor - Adding 18 jobs, 18 triggers.
2016-06-17 18:27:08,321 [2516] INFO  Quartz.Xml.XMLSchedulingDataProcessor - Adding job: Plugins.HolidaySetInform
2016-06-17 18:27:08,323 [2516] INFO  Quartz.Xml.XMLSchedulingDataProcessor - Adding job: Plugins.SyncRegUser2ContactList
2016-06-17 18:27:08,323 [2516] INFO  Quartz.Xml.XMLSchedulingDataProcessor - Adding job: Plugins.SendMarketingMessage
2016-06-17 18:27:08,324 [2516] INFO  Quartz.Xml.XMLSchedulingDataProcessor - Adding job: Plugins.OKRStatistics
2016-06-17 18:27:08,324 [2516] INFO  Quartz.Xml.XMLSchedulingDataProcessor - Adding job: Plugins.ActivityStatistics
2016-06-17 18:27:08,324 [2516] INFO  Quartz.Xml.XMLSchedulingDataProcessor - Adding job: Plugins.SupplierStatistics
2016-06-17 18:27:08,324 [2516] INFO  Quartz.Xml.XMLSchedulingDataProcessor - Adding job: Plugins.CMSAdStatusPublish
2016-06-17 18:27:08,325 [2516] INFO  Quartz.Xml.XMLSchedulingDataProcessor - Adding job: Plugins.VoteActivityMonitor
2016-06-17 18:27:08,325 [2516] INFO  Quartz.Xml.XMLSchedulingDataProcessor - Adding job: Plugins.LEDMonitor
2016-06-17 18:27:08,325 [2516] INFO  Quartz.Xml.XMLSchedulingDataProcessor - Adding job: Plugins.LEDOkrMonitor
2016-06-17 18:27:08,326 [2516] INFO  Quartz.Xml.XMLSchedulingDataProcessor - Adding job: Plugins.OperationDataMonitor
2016-06-17 18:27:08,326 [2516] INFO  Quartz.Xml.XMLSchedulingDataProcessor - Adding job: Plugins.NotCertifiedSupplierMsgPush
2016-06-17 18:27:08,326 [2516] INFO  Quartz.Xml.XMLSchedulingDataProcessor - Adding job: Plugins.NotRegisteredSupplierMsgPush
2016-06-17 18:27:08,326 [2516] INFO  Quartz.Xml.XMLSchedulingDataProcessor - Adding job: Plugins.NewUserPushEnrollMsgPush
2016-06-17 18:27:08,326 [2516] INFO  Quartz.Xml.XMLSchedulingDataProcessor - Adding job: Plugins.NotSignUpSupplierMsgPush
2016-06-17 18:27:08,327 [2516] INFO  Quartz.Xml.XMLSchedulingDataProcessor - Adding job: Plugins.CleanAllBizOpps
2016-06-17 18:27:08,327 [2516] INFO  Quartz.Xml.XMLSchedulingDataProcessor - Adding job: Plugins.BizPush
2016-06-17 18:27:08,327 [2516] INFO  Quartz.Xml.XMLSchedulingDataProcessor - Adding job: Plugins.VisitWebPush
2016-06-17 18:27:08,422 [2516] INFO  Quartz.Core.QuartzScheduler - Scheduler QuartzScheduler_$_NON_CLUSTERED started.
2016-06-17 18:27:08,426 [2516] INFO  MycaigouScheduler.Service.MycaigouService - 调度任务已开始。
2016-06-17 18:27:08,672 [_Worker-1] INFO  Quartz.Plugin.History.LoggingJobHistoryPlugin - Job XMLSchedulingDataProcessorPlugin.XMLSchedulingDataProcessorPlugin_jobInitializer_Jobs_xml fired (by trigger XMLSchedulingDataProcessorPlugin.XMLSchedulingDataProcessorPlugin_jobInitializer_Jobs_xml) at: 10:27:08 06/17/2016
2016-06-17 18:27:08,692 [_Worker-1] INFO  Quartz.Plugin.History.LoggingJobHistoryPlugin - Job XMLSchedulingDataProcessorPlugin.XMLSchedulingDataProcessorPlugin_jobInitializer_Jobs_xml execution complete at 10:27:08 06/17/2016 and reports: 
2016-06-17 18:28:00,002 [_Worker-2] INFO  Quartz.Plugin.History.LoggingJobHistoryPlugin - Job RegisteredNotCertified.CommonMsgPush fired (by trigger DEFAULT.32840c67-752f-4386-b79f-ad2ad20976af) at: 10:28:00 06/17/2016
2016-06-17 18:28:00,007 [_Worker-3] INFO  Quartz.Plugin.History.LoggingJobHistoryPlugin - Job CertifiedHaveBusinessLow.CommonMsgPush fired (by trigger DEFAULT.b4e7d1e4-e78f-45b4-a61d-d5cb1d579dbb) at: 10:28:00 06/17/2016
2016-06-17 18:28:00,007 [_Worker-3] INFO  MycaigouScheduler.Plugins.CommonMsgPush - 开始执行
2016-06-17 18:28:00,007 [_Worker-2] INFO  MycaigouScheduler.Plugins.CommonMsgPush - 开始执行
2016-06-17 18:28:00,008 [_Worker-4] INFO  Quartz.Plugin.History.LoggingJobHistoryPlugin - Job Plugins.VoteActivityMonitor fired (by trigger Plugins.VoteActivityMonitorTrigger) at: 10:28:00 06/17/2016
2016-06-17 18:28:00,020 [_Worker-3] INFO  MycaigouScheduler.Plugins.CommonMsgPush - 数据库连接字符串未配置，已结束。
2016-06-17 18:28:00,020 [_Worker-2] INFO  MycaigouScheduler.Plugins.CommonMsgPush - 数据库连接字符串未配置，已结束。
2016-06-17 18:28:00,021 [_Worker-2] INFO  Quartz.Plugin.History.LoggingJobHistoryPlugin - Job RegisteredNotCertified.CommonMsgPush execution complete at 10:28:00 06/17/2016 and reports: 
2016-06-17 18:28:00,023 [_Worker-3] INFO  Quartz.Plugin.History.LoggingJobHistoryPlugin - Job CertifiedHaveBusinessLow.CommonMsgPush execution complete at 10:28:00 06/17/2016 and reports: 
2016-06-17 18:28:00,049 [_Worker-4] INFO  MycaigouScheduler.Plugins.VoteActivityMonitor - -----供应商投票监控票数-----服务开始
2016-06-17 18:28:01,058 [_Worker-4] INFO  MycaigouScheduler.Plugins.VoteActivityMonitor - -----供应商投票监控票数-----服务结束
2016-06-17 18:28:01,059 [_Worker-4] INFO  Quartz.Plugin.History.LoggingJobHistoryPlugin - Job Plugins.VoteActivityMonitor execution complete at 10:28:01 06/17/2016 and reports: 
2016-06-17 18:29:00,000 [_Worker-5] INFO  Quartz.Plugin.History.LoggingJobHistoryPlugin - Job RegisteredNotCertified.CommonMsgPush fired (by trigger DEFAULT.32840c67-752f-4386-b79f-ad2ad20976af) at: 10:29:00 06/17/2016
2016-06-17 18:29:00,000 [_Worker-5] INFO  MycaigouScheduler.Plugins.CommonMsgPush - 开始执行
2016-06-17 18:29:00,001 [_Worker-5] INFO  MycaigouScheduler.Plugins.CommonMsgPush - 数据库连接字符串未配置，已结束。
2016-06-17 18:29:00,002 [_Worker-5] INFO  Quartz.Plugin.History.LoggingJobHistoryPlugin - Job RegisteredNotCertified.CommonMsgPush execution complete at 10:29:00 06/17/2016 and reports: 
2016-06-17 18:29:00,004 [_Worker-6] INFO  Quartz.Plugin.History.LoggingJobHistoryPlugin - Job CertifiedHaveBusinessLow.CommonMsgPush fired (by trigger DEFAULT.b4e7d1e4-e78f-45b4-a61d-d5cb1d579dbb) at: 10:29:00 06/17/2016
2016-06-17 18:29:00,004 [_Worker-6] INFO  MycaigouScheduler.Plugins.CommonMsgPush - 开始执行
2016-06-17 18:29:00,004 [_Worker-6] INFO  MycaigouScheduler.Plugins.CommonMsgPush - 数据库连接字符串未配置，已结束。
2016-06-17 18:29:00,004 [_Worker-6] INFO  Quartz.Plugin.History.LoggingJobHistoryPlugin - Job CertifiedHaveBusinessLow.CommonMsgPush execution complete at 10:29:00 06/17/2016 and reports: 
2016-06-17 18:29:00,006 [_Worker-7] INFO  Quartz.Plugin.History.LoggingJobHistoryPlugin - Job Plugins.VoteActivityMonitor fired (by trigger Plugins.VoteActivityMonitorTrigger) at: 10:29:00 06/17/2016
2016-06-17 18:29:00,007 [_Worker-7] INFO  MycaigouScheduler.Plugins.VoteActivityMonitor - -----供应商投票监控票数-----服务开始
2016-06-17 18:29:00,013 [_Worker-7] INFO  MycaigouScheduler.Plugins.VoteActivityMonitor - -----供应商投票监控票数-----服务结束
2016-06-17 18:29:00,013 [_Worker-7] INFO  Quartz.Plugin.History.LoggingJobHistoryPlugin - Job Plugins.VoteActivityMonitor execution complete at 10:29:00 06/17/2016 and reports: 
2016-06-17 18:29:59,999 [_Worker-8] INFO  Quartz.Plugin.History.LoggingJobHistoryPlugin - Job RegisteredNotCertified.CommonMsgPush fired (by trigger DEFAULT.32840c67-752f-4386-b79f-ad2ad20976af) at: 10:29:59 06/17/2016
2016-06-17 18:30:00,013 [_Worker-8] INFO  MycaigouScheduler.Plugins.CommonMsgPush - 开始执行
2016-06-17 18:30:00,015 [_Worker-8] INFO  MycaigouScheduler.Plugins.CommonMsgPush - 数据库连接字符串未配置，已结束。
2016-06-17 18:30:00,004 [_Worker-10] INFO  Quartz.Plugin.History.LoggingJobHistoryPlugin - Job Plugins.CMSAdStatusPublish fired (by trigger Plugins.CMSAdStatusPublishTrigger) at: 10:30:00 06/17/2016
2016-06-17 18:30:00,018 [_Worker-10] INFO  MycaigouScheduler.Plugins.CMSAdStatusPublish - -----CMS广告状态更新及自动发布-----服务开始
2016-06-17 18:30:00,017 [_Worker-8] INFO  Quartz.Plugin.History.LoggingJobHistoryPlugin - Job RegisteredNotCertified.CommonMsgPush execution complete at 10:30:00 06/17/2016 and reports: 
2016-06-17 18:30:00,005 [_Worker-1] INFO  Quartz.Plugin.History.LoggingJobHistoryPlugin - Job Plugins.LEDMonitor fired (by trigger Plugins.LEDMonitorTrigger) at: 10:30:00 06/17/2016
2016-06-17 18:30:00,006 [_Worker-3] INFO  Quartz.Plugin.History.LoggingJobHistoryPlugin - Job Plugins.SendMarketingMessage fired (by trigger Plugins.SendMarketingMessageTrigger) at: 10:30:00 06/17/2016
2016-06-17 18:30:00,026 [_Worker-1] INFO  MycaigouScheduler.Plugins.LEDMonitor - -----LED电视滚屏数据监控-----服务开始
2016-06-17 18:30:00,006 [_Worker-2] INFO  Quartz.Plugin.History.LoggingJobHistoryPlugin - Job Plugins.LEDOkrMonitor fired (by trigger Plugins.LEDOkrMonitorTrigger) at: 10:30:00 06/17/2016
2016-06-17 18:30:00,060 [_Worker-2] INFO  MycaigouScheduler.Plugins.LEDOkrMonitor - -----LED_OKR电视滚屏数据监控-----服务开始
2016-06-17 18:30:00,003 [_Worker-9] INFO  Quartz.Plugin.History.LoggingJobHistoryPlugin - Job CertifiedHaveBusinessLow.CommonMsgPush fired (by trigger DEFAULT.b4e7d1e4-e78f-45b4-a61d-d5cb1d579dbb) at: 10:30:00 06/17/2016
2016-06-17 18:30:00,061 [_Worker-9] INFO  MycaigouScheduler.Plugins.CommonMsgPush - 开始执行
2016-06-17 18:30:00,062 [_Worker-9] INFO  MycaigouScheduler.Plugins.CommonMsgPush - 数据库连接字符串未配置，已结束。
2016-06-17 18:30:00,062 [_Worker-9] INFO  Quartz.Plugin.History.LoggingJobHistoryPlugin - Job CertifiedHaveBusinessLow.CommonMsgPush execution complete at 10:30:00 06/17/2016 and reports: 
2016-06-17 18:30:00,008 [_Worker-4] INFO  Quartz.Plugin.History.LoggingJobHistoryPlugin - Job Plugins.VoteActivityMonitor fired (by trigger Plugins.VoteActivityMonitorTrigger) at: 10:30:00 06/17/2016
2016-06-17 18:30:00,067 [_Worker-4] INFO  MycaigouScheduler.Plugins.VoteActivityMonitor - -----供应商投票监控票数-----服务开始
2016-06-17 18:30:00,078 [_Worker-3] INFO  MycaigouScheduler.Plugins.SendMarketingMessage - -----定向营销发送消息-----服务开始
2016-06-17 18:30:00,199 [_Worker-4] INFO  MycaigouScheduler.Plugins.VoteActivityMonitor - -----供应商投票监控票数-----服务结束
2016-06-17 18:30:00,199 [_Worker-4] INFO  Quartz.Plugin.History.LoggingJobHistoryPlugin - Job Plugins.VoteActivityMonitor execution complete at 10:30:00 06/17/2016 and reports: 
2016-06-17 18:30:00,205 [_Worker-10] INFO  MycaigouScheduler.Plugins.CMSAdStatusPublish - -----CMS广告状态更新及自动发布----服务结束
2016-06-17 18:30:00,205 [_Worker-10] INFO  Quartz.Plugin.History.LoggingJobHistoryPlugin - Job Plugins.CMSAdStatusPublish execution complete at 10:30:00 06/17/2016 and reports: 
2016-06-17 18:30:00,241 [_Worker-3] INFO  MycaigouScheduler.Plugins.SendMarketingMessage - -----定向营销发送消息-----服务结束
2016-06-17 18:30:00,241 [_Worker-3] INFO  Quartz.Plugin.History.LoggingJobHistoryPlugin - Job Plugins.SendMarketingMessage execution complete at 10:30:00 06/17/2016 and reports: 
2016-06-17 18:30:01,109 [_Worker-1] INFO  MycaigouScheduler.Plugins.LEDMonitor - -----LED电视滚屏数据监控--新增供应商用户活跃记录0条---
2016-06-17 18:30:01,181 [_Worker-1] INFO  MycaigouScheduler.Plugins.LEDMonitor - -----LED电视滚屏数据监控--新增开发商用户活跃记录0条---
2016-06-17 18:30:01,185 [_Worker-1] INFO  MycaigouScheduler.Plugins.LEDMonitor - -----LED电视滚屏数据监控-----服务结束
2016-06-17 18:30:01,186 [_Worker-1] INFO  Quartz.Plugin.History.LoggingJobHistoryPlugin - Job Plugins.LEDMonitor execution complete at 10:30:01 06/17/2016 and reports: 
2016-06-17 18:30:02,690 [_Worker-2] INFO  MycaigouScheduler.Plugins.LEDOkrMonitor - -----LED_OKR电视滚屏数据监控-----服务结束
2016-06-17 18:30:02,691 [_Worker-2] INFO  Quartz.Plugin.History.LoggingJobHistoryPlugin - Job Plugins.LEDOkrMonitor execution complete at 10:30:02 06/17/2016 and reports: 
2016-06-17 18:30:59,999 [_Worker-5] INFO  Quartz.Plugin.History.LoggingJobHistoryPlugin - Job RegisteredNotCertified.CommonMsgPush fired (by trigger DEFAULT.32840c67-752f-4386-b79f-ad2ad20976af) at: 10:30:59 06/17/2016
2016-06-17 18:31:00,001 [_Worker-5] INFO  MycaigouScheduler.Plugins.CommonMsgPush - 开始执行
2016-06-17 18:31:00,000 [_Worker-6] INFO  Quartz.Plugin.History.LoggingJobHistoryPlugin - Job CertifiedHaveBusinessLow.CommonMsgPush fired (by trigger DEFAULT.b4e7d1e4-e78f-45b4-a61d-d5cb1d579dbb) at: 10:31:00 06/17/2016
2016-06-17 18:31:00,002 [_Worker-6] INFO  MycaigouScheduler.Plugins.CommonMsgPush - 开始执行
2016-06-17 18:31:00,002 [_Worker-7] INFO  Quartz.Plugin.History.LoggingJobHistoryPlugin - Job Plugins.VoteActivityMonitor fired (by trigger Plugins.VoteActivityMonitorTrigger) at: 10:31:00 06/17/2016
2016-06-17 18:31:00,003 [_Worker-7] INFO  MycaigouScheduler.Plugins.VoteActivityMonitor - -----供应商投票监控票数-----服务开始
2016-06-17 18:31:16,955 [_Worker-5] INFO  MycaigouScheduler.Plugins.CommonMsgPush - 数据库连接字符串未配置，已结束。
2016-06-17 18:31:16,956 [_Worker-5] INFO  Quartz.Plugin.History.LoggingJobHistoryPlugin - Job RegisteredNotCertified.CommonMsgPush execution complete at 10:31:16 06/17/2016 and reports: 
2016-06-17 18:31:16,957 [_Worker-6] INFO  MycaigouScheduler.Plugins.CommonMsgPush - 数据库连接字符串未配置，已结束。
2016-06-17 18:31:16,957 [_Worker-6] INFO  Quartz.Plugin.History.LoggingJobHistoryPlugin - Job CertifiedHaveBusinessLow.CommonMsgPush execution complete at 10:31:16 06/17/2016 and reports: 
2016-06-17 18:31:17,160 [_Worker-7] INFO  MycaigouScheduler.Plugins.VoteActivityMonitor - -----供应商投票监控票数-----服务结束
2016-06-17 18:31:17,160 [_Worker-7] INFO  Quartz.Plugin.History.LoggingJobHistoryPlugin - Job Plugins.VoteActivityMonitor execution complete at 10:31:17 06/17/2016 and reports: 
2016-06-17 18:31:59,999 [_Worker-8] INFO  Quartz.Plugin.History.LoggingJobHistoryPlugin - Job RegisteredNotCertified.CommonMsgPush fired (by trigger DEFAULT.32840c67-752f-4386-b79f-ad2ad20976af) at: 10:31:59 06/17/2016
2016-06-17 18:32:00,000 [_Worker-8] INFO  MycaigouScheduler.Plugins.CommonMsgPush - 开始执行
2016-06-17 18:32:00,002 [_Worker-9] INFO  Quartz.Plugin.History.LoggingJobHistoryPlugin - Job CertifiedHaveBusinessLow.CommonMsgPush fired (by trigger DEFAULT.b4e7d1e4-e78f-45b4-a61d-d5cb1d579dbb) at: 10:32:00 06/17/2016
2016-06-17 18:32:01,699 [_Worker-4] INFO  Quartz.Plugin.History.LoggingJobHistoryPlugin - Job Plugins.VoteActivityMonitor fired (by trigger Plugins.VoteActivityMonitorTrigger) at: 10:32:01 06/17/2016
2016-06-17 18:32:01,709 [_Worker-4] INFO  MycaigouScheduler.Plugins.VoteActivityMonitor - -----供应商投票监控票数-----服务开始
2016-06-17 18:32:01,709 [_Worker-9] INFO  MycaigouScheduler.Plugins.CommonMsgPush - 开始执行
2016-06-17 18:32:02,376 [_Worker-4] INFO  MycaigouScheduler.Plugins.VoteActivityMonitor - -----供应商投票监控票数-----服务结束
2016-06-17 18:32:02,377 [_Worker-4] INFO  Quartz.Plugin.History.LoggingJobHistoryPlugin - Job Plugins.VoteActivityMonitor execution complete at 10:32:02 06/17/2016 and reports: 
2016-06-17 18:32:08,650 [_Worker-8] INFO  MycaigouScheduler.Plugins.CommonMsgPush - 数据库连接字符串未配置，已结束。
2016-06-17 18:32:08,651 [_Worker-8] INFO  Quartz.Plugin.History.LoggingJobHistoryPlugin - Job RegisteredNotCertified.CommonMsgPush execution complete at 10:32:08 06/17/2016 and reports: 
2016-06-17 18:33:13,233 [_Worker-9] INFO  MycaigouScheduler.Plugins.CommonMsgPush - 数据库连接字符串未配置，已结束。
2016-06-17 18:33:13,244 [_Worker-10] INFO  Quartz.Plugin.History.LoggingJobHistoryPlugin - Job RegisteredNotCertified.CommonMsgPush fired (by trigger DEFAULT.32840c67-752f-4386-b79f-ad2ad20976af) at: 10:33:13 06/17/2016
2016-06-17 18:33:13,244 [_Worker-10] INFO  MycaigouScheduler.Plugins.CommonMsgPush - 开始执行
2016-06-17 18:33:13,944 [_Worker-9] INFO  Quartz.Plugin.History.LoggingJobHistoryPlugin - Job CertifiedHaveBusinessLow.CommonMsgPush execution complete at 10:33:13 06/17/2016 and reports: 
2016-06-17 18:33:13,945 [_Worker-3] INFO  Quartz.Plugin.History.LoggingJobHistoryPlugin - Job Plugins.VoteActivityMonitor fired (by trigger Plugins.VoteActivityMonitorTrigger) at: 10:33:13 06/17/2016
2016-06-17 18:33:13,945 [_Worker-3] INFO  MycaigouScheduler.Plugins.VoteActivityMonitor - -----供应商投票监控票数-----服务开始
2016-06-17 18:33:13,947 [_Worker-1] INFO  Quartz.Plugin.History.LoggingJobHistoryPlugin - Job CertifiedHaveBusinessLow.CommonMsgPush fired (by trigger DEFAULT.b4e7d1e4-e78f-45b4-a61d-d5cb1d579dbb) at: 10:33:13 06/17/2016
2016-06-17 18:33:13,947 [_Worker-1] INFO  MycaigouScheduler.Plugins.CommonMsgPush - 开始执行
2016-06-17 18:33:22,694 [_Worker-10] INFO  MycaigouScheduler.Plugins.CommonMsgPush - 数据库连接字符串未配置，已结束。
2016-06-17 18:33:22,694 [_Worker-10] INFO  Quartz.Plugin.History.LoggingJobHistoryPlugin - Job RegisteredNotCertified.CommonMsgPush execution complete at 10:33:22 06/17/2016 and reports: 
2016-06-17 18:33:22,698 [_Worker-3] INFO  MycaigouScheduler.Plugins.VoteActivityMonitor - -----供应商投票监控票数-----服务结束
2016-06-17 18:33:22,698 [_Worker-3] INFO  Quartz.Plugin.History.LoggingJobHistoryPlugin - Job Plugins.VoteActivityMonitor execution complete at 10:33:22 06/17/2016 and reports: 
2016-06-17 18:33:22,698 [_Worker-1] INFO  MycaigouScheduler.Plugins.CommonMsgPush - 数据库连接字符串未配置，已结束。
2016-06-17 18:33:22,699 [_Worker-1] INFO  Quartz.Plugin.History.LoggingJobHistoryPlugin - Job CertifiedHaveBusinessLow.CommonMsgPush execution complete at 10:33:22 06/17/2016 and reports: 
2016-06-17 18:33:59,999 [_Worker-2] INFO  Quartz.Plugin.History.LoggingJobHistoryPlugin - Job RegisteredNotCertified.CommonMsgPush fired (by trigger DEFAULT.32840c67-752f-4386-b79f-ad2ad20976af) at: 10:33:59 06/17/2016
2016-06-17 18:34:00,000 [_Worker-2] INFO  MycaigouScheduler.Plugins.CommonMsgPush - 开始执行
2016-06-17 18:34:00,007 [_Worker-2] INFO  MycaigouScheduler.Plugins.CommonMsgPush - 数据库连接字符串未配置，已结束。
2016-06-17 18:34:00,007 [_Worker-2] INFO  Quartz.Plugin.History.LoggingJobHistoryPlugin - Job RegisteredNotCertified.CommonMsgPush execution complete at 10:34:00 06/17/2016 and reports: 
2016-06-17 18:34:00,009 [_Worker-5] INFO  Quartz.Plugin.History.LoggingJobHistoryPlugin - Job CertifiedHaveBusinessLow.CommonMsgPush fired (by trigger DEFAULT.b4e7d1e4-e78f-45b4-a61d-d5cb1d579dbb) at: 10:34:00 06/17/2016
2016-06-17 18:34:00,010 [_Worker-5] INFO  MycaigouScheduler.Plugins.CommonMsgPush - 开始执行
2016-06-17 18:34:00,010 [_Worker-5] INFO  MycaigouScheduler.Plugins.CommonMsgPush - 数据库连接字符串未配置，已结束。
2016-06-17 18:34:00,011 [_Worker-5] INFO  Quartz.Plugin.History.LoggingJobHistoryPlugin - Job CertifiedHaveBusinessLow.CommonMsgPush execution complete at 10:34:00 06/17/2016 and reports: 
2016-06-17 18:34:00,011 [_Worker-6] INFO  Quartz.Plugin.History.LoggingJobHistoryPlugin - Job Plugins.VoteActivityMonitor fired (by trigger Plugins.VoteActivityMonitorTrigger) at: 10:34:00 06/17/2016
2016-06-17 18:34:00,012 [_Worker-6] INFO  MycaigouScheduler.Plugins.VoteActivityMonitor - -----供应商投票监控票数-----服务开始
2016-06-17 18:34:00,017 [_Worker-6] INFO  MycaigouScheduler.Plugins.VoteActivityMonitor - -----供应商投票监控票数-----服务结束
2016-06-17 18:34:00,018 [_Worker-6] INFO  Quartz.Plugin.History.LoggingJobHistoryPlugin - Job Plugins.VoteActivityMonitor execution complete at 10:34:00 06/17/2016 and reports: 
2016-06-17 18:34:33,242 [10364] INFO  MycaigouScheduler.Service.MycaigouService - 停止调度任务。
2016-06-17 18:34:33,251 [10364] INFO  Quartz.Core.QuartzScheduler - Scheduler QuartzScheduler_$_NON_CLUSTERED shutting down.
2016-06-17 18:34:33,252 [10364] INFO  Quartz.Core.QuartzScheduler - Scheduler QuartzScheduler_$_NON_CLUSTERED paused.
2016-06-17 18:34:33,734 [10364] INFO  Quartz.Core.QuartzScheduler - Scheduler QuartzScheduler_$_NON_CLUSTERED Shutdown complete.
2016-06-17 18:34:33,737 [10364] INFO  MycaigouScheduler.Service.MycaigouService - 执行了 26 个任务。
2016-06-17 18:34:53,205 [7112] INFO  MycaigouScheduler.Service.MycaigouService - 调度服务初始化...
2016-06-17 18:34:53,374 [7112] INFO  Quartz.Impl.StdSchedulerFactory - Using default implementation for object serializer
2016-06-17 18:34:53,416 [7112] INFO  Quartz.Impl.StdSchedulerFactory - Using default implementation for ThreadExecutor
2016-06-17 18:34:53,457 [7112] INFO  Quartz.Core.SchedulerSignalerImpl - Initialized Scheduler Signaller of type: Quartz.Core.SchedulerSignalerImpl
2016-06-17 18:34:53,459 [7112] INFO  Quartz.Core.QuartzScheduler - Quartz Scheduler v.2.2.400.0 created.
2016-06-17 18:34:53,482 [7112] INFO  Quartz.Plugin.Xml.XMLSchedulingDataProcessorPlugin - Registering Quartz Job Initialization Plug-in.
2016-06-17 18:34:53,494 [7112] INFO  Quartz.Simpl.RAMJobStore - RAMJobStore initialized.
2016-06-17 18:34:53,511 [7112] INFO  Quartz.Core.QuartzScheduler - Scheduler meta-data: Quartz Scheduler (v2.2.400.0) 'QuartzScheduler' with instanceId 'NON_CLUSTERED'
  Scheduler class: 'Quartz.Core.QuartzScheduler' - running locally.
  NOT STARTED.
  Currently in standby mode.
  Number of jobs executed: 0
  Using thread pool 'Quartz.Simpl.SimpleThreadPool' - with 10 threads.
  Using job-store 'Quartz.Simpl.RAMJobStore' - which does not support persistence. and is not clustered.

2016-06-17 18:34:53,511 [7112] INFO  Quartz.Impl.StdSchedulerFactory - Quartz scheduler 'QuartzScheduler' initialized
2016-06-17 18:34:53,512 [7112] INFO  Quartz.Impl.StdSchedulerFactory - Quartz scheduler version: 2.2.400.0
2016-06-17 18:34:53,514 [7112] INFO  MycaigouScheduler.Service.MycaigouService - 调度服务初始化完成。
2016-06-17 18:34:53,514 [7112] INFO  MycaigouScheduler.Service.MycaigouService - 开始调度任务...
2016-06-17 18:34:53,625 [7112] INFO  Quartz.Xml.XMLSchedulingDataProcessor - Parsing XML file: E:\云采购2.0.0\源代码\Branch\中台深圳运营\云采购调度服务\MycaigouScheduler\MycaigouScheduler.Service\bin\Debug\Jobs.xml with systemId: E:\云采购2.0.0\源代码\Branch\中台深圳运营\云采购调度服务\MycaigouScheduler\MycaigouScheduler.Service\bin\Debug\Jobs.xml
2016-06-17 18:34:54,112 [7112] INFO  Quartz.Xml.XMLSchedulingDataProcessor - Adding 18 jobs, 18 triggers.
2016-06-17 18:34:54,119 [7112] INFO  Quartz.Xml.XMLSchedulingDataProcessor - Adding job: Plugins.HolidaySetInform
2016-06-17 18:34:54,121 [7112] INFO  Quartz.Xml.XMLSchedulingDataProcessor - Adding job: Plugins.SyncRegUser2ContactList
2016-06-17 18:34:54,121 [7112] INFO  Quartz.Xml.XMLSchedulingDataProcessor - Adding job: Plugins.SendMarketingMessage
2016-06-17 18:34:54,121 [7112] INFO  Quartz.Xml.XMLSchedulingDataProcessor - Adding job: Plugins.OKRStatistics
2016-06-17 18:34:54,122 [7112] INFO  Quartz.Xml.XMLSchedulingDataProcessor - Adding job: Plugins.ActivityStatistics
2016-06-17 18:34:54,122 [7112] INFO  Quartz.Xml.XMLSchedulingDataProcessor - Adding job: Plugins.SupplierStatistics
2016-06-17 18:34:54,122 [7112] INFO  Quartz.Xml.XMLSchedulingDataProcessor - Adding job: Plugins.CMSAdStatusPublish
2016-06-17 18:34:54,122 [7112] INFO  Quartz.Xml.XMLSchedulingDataProcessor - Adding job: Plugins.VoteActivityMonitor
2016-06-17 18:34:54,122 [7112] INFO  Quartz.Xml.XMLSchedulingDataProcessor - Adding job: Plugins.LEDMonitor
2016-06-17 18:34:54,123 [7112] INFO  Quartz.Xml.XMLSchedulingDataProcessor - Adding job: Plugins.LEDOkrMonitor
2016-06-17 18:34:54,123 [7112] INFO  Quartz.Xml.XMLSchedulingDataProcessor - Adding job: Plugins.OperationDataMonitor
2016-06-17 18:34:54,123 [7112] INFO  Quartz.Xml.XMLSchedulingDataProcessor - Adding job: Plugins.NotCertifiedSupplierMsgPush
2016-06-17 18:34:54,123 [7112] INFO  Quartz.Xml.XMLSchedulingDataProcessor - Adding job: Plugins.NotRegisteredSupplierMsgPush
2016-06-17 18:34:54,124 [7112] INFO  Quartz.Xml.XMLSchedulingDataProcessor - Adding job: Plugins.NewUserPushEnrollMsgPush
2016-06-17 18:34:54,124 [7112] INFO  Quartz.Xml.XMLSchedulingDataProcessor - Adding job: Plugins.NotSignUpSupplierMsgPush
2016-06-17 18:34:54,124 [7112] INFO  Quartz.Xml.XMLSchedulingDataProcessor - Adding job: Plugins.CleanAllBizOpps
2016-06-17 18:34:54,124 [7112] INFO  Quartz.Xml.XMLSchedulingDataProcessor - Adding job: Plugins.BizPush
2016-06-17 18:34:54,125 [7112] INFO  Quartz.Xml.XMLSchedulingDataProcessor - Adding job: Plugins.VisitWebPush
2016-06-17 18:34:54,219 [7112] INFO  Quartz.Core.QuartzScheduler - Scheduler QuartzScheduler_$_NON_CLUSTERED started.
2016-06-17 18:34:54,222 [7112] INFO  MycaigouScheduler.Service.MycaigouService - 调度任务已开始。
2016-06-17 18:34:54,361 [_Worker-1] INFO  Quartz.Plugin.History.LoggingJobHistoryPlugin - Job XMLSchedulingDataProcessorPlugin.XMLSchedulingDataProcessorPlugin_jobInitializer_Jobs_xml fired (by trigger XMLSchedulingDataProcessorPlugin.XMLSchedulingDataProcessorPlugin_jobInitializer_Jobs_xml) at: 10:34:54 06/17/2016
2016-06-17 18:34:54,381 [_Worker-1] INFO  Quartz.Plugin.History.LoggingJobHistoryPlugin - Job XMLSchedulingDataProcessorPlugin.XMLSchedulingDataProcessorPlugin_jobInitializer_Jobs_xml execution complete at 10:34:54 06/17/2016 and reports: 
2016-06-17 18:35:00,004 [_Worker-2] INFO  Quartz.Plugin.History.LoggingJobHistoryPlugin - Job CertifiedHaveBusinessLow.CommonMsgPush fired (by trigger DEFAULT.1a9a9027-dca4-4ddf-a2ab-3e984f9332bb) at: 10:35:00 06/17/2016
2016-06-17 18:35:00,005 [_Worker-4] INFO  Quartz.Plugin.History.LoggingJobHistoryPlugin - Job Plugins.LEDMonitor fired (by trigger Plugins.LEDMonitorTrigger) at: 10:35:00 06/17/2016
2016-06-17 18:35:00,006 [_Worker-2] INFO  MycaigouScheduler.Plugins.CommonMsgPush - 开始执行
2016-06-17 18:35:00,012 [_Worker-3] INFO  Quartz.Plugin.History.LoggingJobHistoryPlugin - Job RegisteredNotCertified.CommonMsgPush fired (by trigger DEFAULT.31c1a35b-da9d-47e6-b1fe-1796105cd0d6) at: 10:35:00 06/17/2016
2016-06-17 18:35:00,013 [_Worker-3] INFO  MycaigouScheduler.Plugins.CommonMsgPush - 开始执行
2016-06-17 18:35:00,016 [_Worker-5] INFO  Quartz.Plugin.History.LoggingJobHistoryPlugin - Job Plugins.LEDOkrMonitor fired (by trigger Plugins.LEDOkrMonitorTrigger) at: 10:35:00 06/17/2016
2016-06-17 18:35:00,019 [_Worker-6] INFO  Quartz.Plugin.History.LoggingJobHistoryPlugin - Job Plugins.VoteActivityMonitor fired (by trigger Plugins.VoteActivityMonitorTrigger) at: 10:35:00 06/17/2016
2016-06-17 18:35:00,023 [_Worker-4] INFO  MycaigouScheduler.Plugins.LEDMonitor - -----LED电视滚屏数据监控-----服务开始
2016-06-17 18:35:00,028 [_Worker-6] INFO  MycaigouScheduler.Plugins.VoteActivityMonitor - -----供应商投票监控票数-----服务开始
2016-06-17 18:35:00,054 [_Worker-5] INFO  MycaigouScheduler.Plugins.LEDOkrMonitor - -----LED_OKR电视滚屏数据监控-----服务开始
2016-06-17 18:35:00,832 [_Worker-6] INFO  MycaigouScheduler.Plugins.VoteActivityMonitor - -----供应商投票监控票数-----服务结束
2016-06-17 18:35:00,832 [_Worker-6] INFO  Quartz.Plugin.History.LoggingJobHistoryPlugin - Job Plugins.VoteActivityMonitor execution complete at 10:35:00 06/17/2016 and reports: 
2016-06-17 18:35:01,207 [_Worker-3] INFO  MycaigouScheduler.Plugins.CommonMsgPush - 注册未认证消息推送-适合商机开发商为空：
2016-06-17 18:35:01,752 [_Worker-4] INFO  MycaigouScheduler.Plugins.LEDMonitor - -----LED电视滚屏数据监控--新增供应商用户活跃记录0条---
2016-06-17 18:35:01,810 [_Worker-4] INFO  MycaigouScheduler.Plugins.LEDMonitor - -----LED电视滚屏数据监控--新增开发商用户活跃记录0条---
2016-06-17 18:35:01,811 [_Worker-4] INFO  MycaigouScheduler.Plugins.LEDMonitor - -----LED电视滚屏数据监控-----服务结束
2016-06-17 18:35:01,811 [_Worker-4] INFO  Quartz.Plugin.History.LoggingJobHistoryPlugin - Job Plugins.LEDMonitor execution complete at 10:35:01 06/17/2016 and reports: 
2016-06-17 18:35:04,124 [_Worker-5] INFO  MycaigouScheduler.Plugins.LEDOkrMonitor - -----LED_OKR电视滚屏数据监控-----服务结束
2016-06-17 18:35:04,124 [_Worker-5] INFO  Quartz.Plugin.History.LoggingJobHistoryPlugin - Job Plugins.LEDOkrMonitor execution complete at 10:35:04 06/17/2016 and reports: 
2016-06-17 18:35:13,425 [_Worker-2] INFO  MycaigouScheduler.Plugins.CommonMsgPush - # description #- 发送结果:已认证--有符合商机有报名比例低于60%--有符合的商机不在符合区域
2016-06-17 18:35:13,425 [_Worker-3] INFO  MycaigouScheduler.Plugins.CommonMsgPush - # description #- 发送结果:注册未认证消息推送
2016-06-17 18:35:13,427 [_Worker-3] INFO  MycaigouScheduler.Plugins.CommonMsgPush - 结束执行
2016-06-17 18:35:13,427 [_Worker-3] INFO  Quartz.Plugin.History.LoggingJobHistoryPlugin - Job RegisteredNotCertified.CommonMsgPush execution complete at 10:35:13 06/17/2016 and reports: 
2016-06-17 18:35:13,426 [_Worker-2] INFO  MycaigouScheduler.Plugins.CommonMsgPush - 结束执行
2016-06-17 18:35:13,428 [_Worker-2] INFO  Quartz.Plugin.History.LoggingJobHistoryPlugin - Job CertifiedHaveBusinessLow.CommonMsgPush execution complete at 10:35:13 06/17/2016 and reports: 
2016-06-17 18:35:59,999 [_Worker-7] INFO  Quartz.Plugin.History.LoggingJobHistoryPlugin - Job CertifiedHaveBusinessLow.CommonMsgPush fired (by trigger DEFAULT.1a9a9027-dca4-4ddf-a2ab-3e984f9332bb) at: 10:35:59 06/17/2016
2016-06-17 18:36:00,003 [_Worker-7] INFO  MycaigouScheduler.Plugins.CommonMsgPush - 开始执行
2016-06-17 18:36:00,004 [_Worker-8] INFO  Quartz.Plugin.History.LoggingJobHistoryPlugin - Job RegisteredNotCertified.CommonMsgPush fired (by trigger DEFAULT.31c1a35b-da9d-47e6-b1fe-1796105cd0d6) at: 10:36:00 06/17/2016
2016-06-17 18:36:00,004 [_Worker-8] INFO  MycaigouScheduler.Plugins.CommonMsgPush - 开始执行
2016-06-17 18:36:00,005 [_Worker-9] INFO  Quartz.Plugin.History.LoggingJobHistoryPlugin - Job Plugins.VoteActivityMonitor fired (by trigger Plugins.VoteActivityMonitorTrigger) at: 10:36:00 06/17/2016
2016-06-17 18:36:00,005 [_Worker-9] INFO  MycaigouScheduler.Plugins.VoteActivityMonitor - -----供应商投票监控票数-----服务开始
2016-06-17 18:36:00,010 [_Worker-9] INFO  MycaigouScheduler.Plugins.VoteActivityMonitor - -----供应商投票监控票数-----服务结束
2016-06-17 18:36:00,011 [_Worker-9] INFO  Quartz.Plugin.History.LoggingJobHistoryPlugin - Job Plugins.VoteActivityMonitor execution complete at 10:36:00 06/17/2016 and reports: 
2016-06-17 18:36:00,312 [_Worker-8] INFO  MycaigouScheduler.Plugins.CommonMsgPush - 注册未认证消息推送-适合商机开发商为空：
2016-06-17 18:36:10,049 [_Worker-8] INFO  MycaigouScheduler.Plugins.CommonMsgPush - # description #- 发送结果:注册未认证消息推送
2016-06-17 18:36:10,049 [_Worker-8] INFO  MycaigouScheduler.Plugins.CommonMsgPush - 结束执行
2016-06-17 18:36:10,049 [_Worker-8] INFO  Quartz.Plugin.History.LoggingJobHistoryPlugin - Job RegisteredNotCertified.CommonMsgPush execution complete at 10:36:10 06/17/2016 and reports: 
2016-06-17 18:36:11,087 [_Worker-7] INFO  MycaigouScheduler.Plugins.CommonMsgPush - # description #- 发送结果:已认证--有符合商机有报名比例低于60%--有符合的商机不在符合区域
2016-06-17 18:36:11,088 [_Worker-7] INFO  MycaigouScheduler.Plugins.CommonMsgPush - 结束执行
2016-06-17 18:36:11,089 [_Worker-7] INFO  Quartz.Plugin.History.LoggingJobHistoryPlugin - Job CertifiedHaveBusinessLow.CommonMsgPush execution complete at 10:36:11 06/17/2016 and reports: 
2016-06-17 18:36:29,499 [5080] INFO  MycaigouScheduler.Service.MycaigouService - 停止调度任务。
2016-06-17 18:36:29,506 [5080] INFO  Quartz.Core.QuartzScheduler - Scheduler QuartzScheduler_$_NON_CLUSTERED shutting down.
2016-06-17 18:36:29,507 [5080] INFO  Quartz.Core.QuartzScheduler - Scheduler QuartzScheduler_$_NON_CLUSTERED paused.
2016-06-17 18:36:30,016 [5080] INFO  Quartz.Core.QuartzScheduler - Scheduler QuartzScheduler_$_NON_CLUSTERED Shutdown complete.
2016-06-17 18:36:30,019 [5080] INFO  MycaigouScheduler.Service.MycaigouService - 执行了 9 个任务。
